<?xml version="1.0" encoding="UTF-8"?>
<!-- Generated by org.testng.reporters.JUnitXMLReporter -->
<testsuite ignored="0" hostname="LTIN425663" failures="0" tests="4" name="Default test" time="0.058" errors="0" timestamp="2023-09-02T15:44:05 IST">
  <testcase classname="com.learning.Day1" name="test1" time="0.008"/>
  <testcase classname="com.learning.Day1" name="test2" time="0.001"/>
  <testcase classname="com.learning.Day1" name="test3" time="0.001"/>
  <testcase classname="com.learning.Day1" name="test4" time="0.002"/>
</testsuite> <!-- Default test -->
