<?xml version="1.0" encoding="UTF-8"?>
<!-- Generated by org.testng.reporters.JUnitXMLReporter -->
<testsuite ignored="6" hostname="LTIN425663" failures="0" tests="4" name="Personal Loan" time="0.074" errors="0" timestamp="2023-09-02T15:48:10 IST">
  <testcase classname="com.learning.Day1" name="test1" time="0.007"/>
  <testcase classname="com.learning.Day1" name="test3" time="0.001"/>
  <testcase classname="com.learning.Day2" name="test6" time="0.001"/>
  <testcase classname="com.learning.Day3" name="test9" time="0.001"/>
  <testcase classname="com.learning.Day1" name="test4" time="0.0">
    <ignored/>
  </testcase> <!-- test4 -->
  <testcase classname="com.learning.Day1" name="test2" time="0.0">
    <ignored/>
  </testcase> <!-- test2 -->
  <testcase classname="com.learning.Day3" name="test7" time="0.0">
    <ignored/>
  </testcase> <!-- test7 -->
  <testcase classname="com.learning.Day3" name="test8" time="0.0">
    <ignored/>
  </testcase> <!-- test8 -->
  <testcase classname="com.learning.Day2" name="test5" time="0.0">
    <ignored/>
  </testcase> <!-- test5 -->
  <testcase classname="com.learning.Day3" name="test10" time="0.0">
    <ignored/>
  </testcase> <!-- test10 -->
</testsuite> <!-- Personal Loan -->
