<?xml version="1.0" encoding="UTF-8"?>
<!-- Generated by org.testng.reporters.JUnitXMLReporter -->
<testsuite ignored="1" hostname="LTIN425663" failures="0" tests="3" name="Test" time="25.79" errors="0" timestamp="2023-09-05T10:07:29 IST">
  <testcase classname="com.testrunner.TestRunner" name="loginTest" time="3.087"/>
  <testcase classname="com.testrunner.TestRunner" name="registeration" time="0.039"/>
  <testcase classname="com.testrunner.TestRunner" name="registrationFormFilling" time="11.725"/>
  <testcase classname="com.testrunner.TestRunner" name="bookingFlights" time="0.0">
    <ignored/>
  </testcase> <!-- bookingFlights -->
</testsuite> <!-- Test -->
