<?xml version="1.0" encoding="UTF-8"?>
<!-- Generated by org.testng.reporters.JUnitXMLReporter -->
<testsuite ignored="1" hostname="LTIN425663" failures="0" tests="3" name="Test" time="29.423" errors="0" timestamp="2023-09-02T19:51:55 IST">
  <testcase classname="com.testrunner.TestRunner" name="loginTest" time="1.343"/>
  <testcase classname="com.testrunner.TestRunner" name="registeration" time="0.031"/>
  <testcase classname="com.testrunner.TestRunner" name="registrationFormFilling" time="13.117"/>
  <testcase classname="com.testrunner.TestRunner" name="bookingFlights" time="0.0">
    <ignored/>
  </testcase> <!-- bookingFlights -->
</testsuite> <!-- Test -->
