<?xml version="1.0" encoding="UTF-8"?>
<testng-results ignored="0" total="3" passed="3" failed="0" skipped="0">
  <reporter-output>
  </reporter-output>
  <suite started-at="2023-09-05T10:12:43 IST" name="Suite" finished-at="2023-09-05T10:13:05 IST" duration-ms="21832">
    <groups>
      <group name="newUser">
        <method signature="TestRunner.loginTest()[pri:0, instance:com.testrunner.TestRunner@4fd4cae3]" name="loginTest" class="com.testrunner.TestRunner"/>
        <method signature="TestRunner.registeration()[pri:0, instance:com.testrunner.TestRunner@4fd4cae3]" name="registeration" class="com.testrunner.TestRunner"/>
      </group> <!-- newUser -->
    </groups>
    <test started-at="2023-09-05T10:12:43 IST" name="Test" finished-at="2023-09-05T10:13:05 IST" duration-ms="21832">
      <class name="com.testrunner.TestRunner">
        <test-method is-config="true" signature="invokeDriver(java.lang.String,java.lang.String)[pri:0, instance:com.testrunner.TestRunner@4fd4cae3]" started-at="2023-09-05T10:12:43 IST" name="invokeDriver" finished-at="2023-09-05T10:12:53 IST" duration-ms="9368" status="PASS">
          <params>
            <param index="0">
              <value>
                <![CDATA[chrome]]>
              </value>
            </param>
            <param index="1">
              <value>
                <![CDATA[https://demo.guru99.com/test/newtours/index.php]]>
              </value>
            </param>
          </params>
          <reporter-output>
          </reporter-output>
        </test-method> <!-- invokeDriver -->
        <test-method signature="loginTest()[pri:0, instance:com.testrunner.TestRunner@4fd4cae3]" started-at="2023-09-05T10:12:53 IST" name="loginTest" finished-at="2023-09-05T10:12:56 IST" duration-ms="3057" status="PASS">
          <reporter-output>
          </reporter-output>
        </test-method> <!-- loginTest -->
        <test-method signature="registeration()[pri:0, instance:com.testrunner.TestRunner@4fd4cae3]" started-at="2023-09-05T10:12:56 IST" name="registeration" finished-at="2023-09-05T10:12:56 IST" depends-on-methods="com.testrunner.TestRunner.loginTest" duration-ms="44" status="PASS">
          <reporter-output>
          </reporter-output>
        </test-method> <!-- registeration -->
        <test-method signature="registrationFormFilling(java.lang.String,java.lang.String,java.lang.String,java.lang.String,java.lang.String,java.lang.String,java.lang.String,java.lang.String,java.lang.String,java.lang.String,java.lang.String,java.lang.String)[pri:0, instance:com.testrunner.TestRunner@4fd4cae3]" started-at="2023-09-05T10:12:57 IST" name="registrationFormFilling" data-provider="myData" depends-on-groups="newUser" finished-at="2023-09-05T10:13:03 IST" duration-ms="6744" status="PASS">
          <params>
            <param index="0">
              <value>
                <![CDATA[Rahul]]>
              </value>
            </param>
            <param index="1">
              <value>
                <![CDATA[Choudhary]]>
              </value>
            </param>
            <param index="2">
              <value>
                <![CDATA[1234567890]]>
              </value>
            </param>
            <param index="3">
              <value>
                <![CDATA[rahul@123]]>
              </value>
            </param>
            <param index="4">
              <value>
                <![CDATA[123 Station road]]>
              </value>
            </param>
            <param index="5">
              <value>
                <![CDATA[Pune]]>
              </value>
            </param>
            <param index="6">
              <value>
                <![CDATA[Maharastra]]>
              </value>
            </param>
            <param index="7">
              <value>
                <![CDATA[491107]]>
              </value>
            </param>
            <param index="8">
              <value>
                <![CDATA[INDIA]]>
              </value>
            </param>
            <param index="9">
              <value>
                <![CDATA[rahul]]>
              </value>
            </param>
            <param index="10">
              <value>
                <![CDATA[pass@123]]>
              </value>
            </param>
            <param index="11">
              <value>
                <![CDATA[pass@123]]>
              </value>
            </param>
          </params>
          <reporter-output>
          </reporter-output>
        </test-method> <!-- registrationFormFilling -->
        <test-method is-config="true" signature="tearDown()[pri:0, instance:com.testrunner.TestRunner@4fd4cae3]" started-at="2023-09-05T10:13:03 IST" name="tearDown" finished-at="2023-09-05T10:13:05 IST" duration-ms="1953" status="PASS">
          <reporter-output>
          </reporter-output>
        </test-method> <!-- tearDown -->
      </class> <!-- com.testrunner.TestRunner -->
    </test> <!-- Test -->
  </suite> <!-- Suite -->
</testng-results>
